-------------------------------------------------------------------------------
Test set: com.accesshq.tests.webtests.PlanetTests
-------------------------------------------------------------------------------
Tests run: 1, Failures: 0, Errors: 1, Skipped: 0, Time elapsed: 5.252 s <<< FAILURE! - in com.accesshq.tests.webtests.PlanetTests
findDistancetoJupiter  Time elapsed: 5.25 s  <<< ERROR!
org.openqa.selenium.NotFoundException: 
planet not found
Build info: version: '3.141.59', revision: 'e82be7d358', time: '2018-11-14T08:17:03'
System info: host: 'LAPTOP-B8Q2F92V', ip: '192.168.0.90', os.name: 'Windows 10', os.arch: 'amd64', os.version: '10.0', java.version: '16.0.2'
Driver info: driver.version: unknown
	at com.accesshq.tests.webtests.PlanetTests.findDistancetoJupiter(PlanetTests.java:18)

